2023-11-05T17:18:30.923-06:00  INFO 26548 --- [main] c.l.products.ProductsControllerTest      : Starting ProductsControllerTest using Java 17.0.8 with PID 26548 (started by eddir in C:\Users\eddir\Documents\liverpoolMicroservices\sales-orders\products-api)
2023-11-05T17:18:30.939-06:00  INFO 26548 --- [main] c.l.products.ProductsControllerTest      : No active profile set, falling back to 1 default profile: "default"
2023-11-05T17:18:31.641-06:00  INFO 26548 --- [main] .s.d.r.c.RepositoryConfigurationDelegate : Bootstrapping Spring Data JPA repositories in DEFAULT mode.
2023-11-05T17:18:31.876-06:00  INFO 26548 --- [main] .s.d.r.c.RepositoryConfigurationDelegate : Finished Spring Data repository scanning in 222 ms. Found 1 JPA repository interfaces.
2023-11-05T17:18:31.940-06:00  INFO 26548 --- [main] beddedDataSourceBeanFactoryPostProcessor : Replacing 'dataSource' DataSource bean with embedded version
2023-11-05T17:18:32.257-06:00  INFO 26548 --- [main] o.s.j.d.e.EmbeddedDatabaseFactory        : Starting embedded database: url='jdbc:h2:mem:34b34f7d-bc36-4a98-8f10-6feef39c76ca;DB_CLOSE_DELAY=-1;DB_CLOSE_ON_EXIT=false', username='sa'
2023-11-05T17:18:32.653-06:00  INFO 26548 --- [main] o.hibernate.jpa.internal.util.LogHelper  : HHH000204: Processing PersistenceUnitInfo [name: default]
2023-11-05T17:18:32.740-06:00  INFO 26548 --- [main] org.hibernate.Version                    : HHH000412: Hibernate ORM core version 6.1.7.Final
2023-11-05T17:18:33.229-06:00  INFO 26548 --- [main] SQL dialect                              : HHH000400: Using dialect: org.hibernate.dialect.H2Dialect
2023-11-05T17:18:34.322-06:00  INFO 26548 --- [main] o.h.e.t.j.p.i.JtaPlatformInitiator       : HHH000490: Using JtaPlatform implementation: [org.hibernate.engine.transaction.jta.platform.internal.NoJtaPlatform]
2023-11-05T17:18:34.337-06:00  INFO 26548 --- [main] j.LocalContainerEntityManagerFactoryBean : Initialized JPA EntityManagerFactory for persistence unit 'default'
2023-11-05T17:18:35.026-06:00  INFO 26548 --- [main] c.l.products.ProductsControllerTest      : Started ProductsControllerTest in 4.982 seconds (process running for 7.055)
2023-11-05T17:18:35.409-06:00  INFO 26548 --- [SpringApplicationShutdownHook] j.LocalContainerEntityManagerFactoryBean : Closing JPA EntityManagerFactory for persistence unit 'default'
2023-11-05T17:19:41.854-06:00  INFO 35276 --- [main] c.l.products.ProductsControllerTest      : Starting ProductsControllerTest using Java 17.0.8 with PID 35276 (started by eddir in C:\Users\eddir\Documents\liverpoolMicroservices\sales-orders\products-api)
2023-11-05T17:19:41.858-06:00  INFO 35276 --- [main] c.l.products.ProductsControllerTest      : No active profile set, falling back to 1 default profile: "default"
2023-11-05T17:19:42.651-06:00  INFO 35276 --- [main] .s.d.r.c.RepositoryConfigurationDelegate : Bootstrapping Spring Data JPA repositories in DEFAULT mode.
2023-11-05T17:19:42.883-06:00  INFO 35276 --- [main] .s.d.r.c.RepositoryConfigurationDelegate : Finished Spring Data repository scanning in 219 ms. Found 1 JPA repository interfaces.
2023-11-05T17:19:42.957-06:00  INFO 35276 --- [main] beddedDataSourceBeanFactoryPostProcessor : Replacing 'dataSource' DataSource bean with embedded version
2023-11-05T17:19:43.236-06:00  INFO 35276 --- [main] o.s.j.d.e.EmbeddedDatabaseFactory        : Starting embedded database: url='jdbc:h2:mem:219556c3-f97b-4465-a025-7aac94c81d8e;DB_CLOSE_DELAY=-1;DB_CLOSE_ON_EXIT=false', username='sa'
2023-11-05T17:19:43.607-06:00  INFO 35276 --- [main] o.hibernate.jpa.internal.util.LogHelper  : HHH000204: Processing PersistenceUnitInfo [name: default]
2023-11-05T17:19:43.687-06:00  INFO 35276 --- [main] org.hibernate.Version                    : HHH000412: Hibernate ORM core version 6.1.7.Final
2023-11-05T17:19:44.283-06:00  INFO 35276 --- [main] SQL dialect                              : HHH000400: Using dialect: org.hibernate.dialect.H2Dialect
2023-11-05T17:19:45.559-06:00  INFO 35276 --- [main] o.h.e.t.j.p.i.JtaPlatformInitiator       : HHH000490: Using JtaPlatform implementation: [org.hibernate.engine.transaction.jta.platform.internal.NoJtaPlatform]
2023-11-05T17:19:45.573-06:00  INFO 35276 --- [main] j.LocalContainerEntityManagerFactoryBean : Initialized JPA EntityManagerFactory for persistence unit 'default'
2023-11-05T17:19:46.240-06:00  INFO 35276 --- [main] c.l.products.ProductsControllerTest      : Started ProductsControllerTest in 5.312 seconds (process running for 7.358)
2023-11-05T17:19:46.627-06:00  INFO 35276 --- [SpringApplicationShutdownHook] j.LocalContainerEntityManagerFactoryBean : Closing JPA EntityManagerFactory for persistence unit 'default'
2023-11-05T17:21:55.687-06:00  INFO 31148 --- [main] c.l.products.ProductsControllerTest      : Starting ProductsControllerTest using Java 17.0.8 with PID 31148 (started by eddir in C:\Users\eddir\Documents\liverpoolMicroservices\sales-orders\products-api)
2023-11-05T17:21:55.690-06:00  INFO 31148 --- [main] c.l.products.ProductsControllerTest      : No active profile set, falling back to 1 default profile: "default"
2023-11-05T17:21:56.327-06:00  INFO 31148 --- [main] .s.d.r.c.RepositoryConfigurationDelegate : Bootstrapping Spring Data JPA repositories in DEFAULT mode.
2023-11-05T17:21:56.508-06:00  INFO 31148 --- [main] .s.d.r.c.RepositoryConfigurationDelegate : Finished Spring Data repository scanning in 171 ms. Found 1 JPA repository interfaces.
2023-11-05T17:21:56.563-06:00  INFO 31148 --- [main] beddedDataSourceBeanFactoryPostProcessor : Replacing 'dataSource' DataSource bean with embedded version
2023-11-05T17:21:56.882-06:00  INFO 31148 --- [main] o.s.j.d.e.EmbeddedDatabaseFactory        : Starting embedded database: url='jdbc:h2:mem:bb98e531-ac9a-4937-b803-1f651e060080;DB_CLOSE_DELAY=-1;DB_CLOSE_ON_EXIT=false', username='sa'
2023-11-05T17:21:57.210-06:00  INFO 31148 --- [main] o.hibernate.jpa.internal.util.LogHelper  : HHH000204: Processing PersistenceUnitInfo [name: default]
2023-11-05T17:21:57.276-06:00  INFO 31148 --- [main] org.hibernate.Version                    : HHH000412: Hibernate ORM core version 6.1.7.Final
2023-11-05T17:21:57.732-06:00  INFO 31148 --- [main] SQL dialect                              : HHH000400: Using dialect: org.hibernate.dialect.H2Dialect
2023-11-05T17:21:58.663-06:00  INFO 31148 --- [main] o.h.e.t.j.p.i.JtaPlatformInitiator       : HHH000490: Using JtaPlatform implementation: [org.hibernate.engine.transaction.jta.platform.internal.NoJtaPlatform]
2023-11-05T17:21:58.677-06:00  INFO 31148 --- [main] j.LocalContainerEntityManagerFactoryBean : Initialized JPA EntityManagerFactory for persistence unit 'default'
2023-11-05T17:21:59.333-06:00  INFO 31148 --- [main] c.l.products.ProductsControllerTest      : Started ProductsControllerTest in 4.587 seconds (process running for 6.618)
2023-11-05T17:21:59.589-06:00  INFO 31148 --- [SpringApplicationShutdownHook] j.LocalContainerEntityManagerFactoryBean : Closing JPA EntityManagerFactory for persistence unit 'default'
2023-11-05T17:23:54.443-06:00  INFO 34812 --- [main] c.l.products.ProductsControllerTest      : Starting ProductsControllerTest using Java 17.0.8 with PID 34812 (started by eddir in C:\Users\eddir\Documents\liverpoolMicroservices\sales-orders\products-api)
2023-11-05T17:23:54.446-06:00  INFO 34812 --- [main] c.l.products.ProductsControllerTest      : No active profile set, falling back to 1 default profile: "default"
2023-11-05T17:23:55.147-06:00  INFO 34812 --- [main] .s.d.r.c.RepositoryConfigurationDelegate : Bootstrapping Spring Data JPA repositories in DEFAULT mode.
2023-11-05T17:23:55.349-06:00  INFO 34812 --- [main] .s.d.r.c.RepositoryConfigurationDelegate : Finished Spring Data repository scanning in 190 ms. Found 1 JPA repository interfaces.
2023-11-05T17:23:55.417-06:00  INFO 34812 --- [main] beddedDataSourceBeanFactoryPostProcessor : Replacing 'dataSource' DataSource bean with embedded version
2023-11-05T17:23:55.786-06:00  INFO 34812 --- [main] o.s.j.d.e.EmbeddedDatabaseFactory        : Starting embedded database: url='jdbc:h2:mem:28da1265-f363-405d-8d4b-efd400ceb4d5;DB_CLOSE_DELAY=-1;DB_CLOSE_ON_EXIT=false', username='sa'
2023-11-05T17:23:56.095-06:00  INFO 34812 --- [main] o.hibernate.jpa.internal.util.LogHelper  : HHH000204: Processing PersistenceUnitInfo [name: default]
2023-11-05T17:23:56.162-06:00  INFO 34812 --- [main] org.hibernate.Version                    : HHH000412: Hibernate ORM core version 6.1.7.Final
2023-11-05T17:23:56.685-06:00  INFO 34812 --- [main] SQL dialect                              : HHH000400: Using dialect: org.hibernate.dialect.H2Dialect
2023-11-05T17:23:57.528-06:00  INFO 34812 --- [main] o.h.e.t.j.p.i.JtaPlatformInitiator       : HHH000490: Using JtaPlatform implementation: [org.hibernate.engine.transaction.jta.platform.internal.NoJtaPlatform]
2023-11-05T17:23:57.538-06:00  INFO 34812 --- [main] j.LocalContainerEntityManagerFactoryBean : Initialized JPA EntityManagerFactory for persistence unit 'default'
2023-11-05T17:23:58.127-06:00  INFO 34812 --- [main] c.l.products.ProductsControllerTest      : Started ProductsControllerTest in 4.562 seconds (process running for 6.45)
2023-11-05T17:23:58.509-06:00  INFO 34812 --- [SpringApplicationShutdownHook] j.LocalContainerEntityManagerFactoryBean : Closing JPA EntityManagerFactory for persistence unit 'default'
2023-11-05T17:24:18.848-06:00  INFO 27384 --- [main] c.l.products.ProductsControllerTest      : Starting ProductsControllerTest using Java 17.0.8 with PID 27384 (started by eddir in C:\Users\eddir\Documents\liverpoolMicroservices\sales-orders\products-api)
2023-11-05T17:24:18.851-06:00  INFO 27384 --- [main] c.l.products.ProductsControllerTest      : No active profile set, falling back to 1 default profile: "default"
2023-11-05T17:24:19.525-06:00  INFO 27384 --- [main] .s.d.r.c.RepositoryConfigurationDelegate : Bootstrapping Spring Data JPA repositories in DEFAULT mode.
2023-11-05T17:24:19.716-06:00  INFO 27384 --- [main] .s.d.r.c.RepositoryConfigurationDelegate : Finished Spring Data repository scanning in 181 ms. Found 1 JPA repository interfaces.
2023-11-05T17:24:19.782-06:00  INFO 27384 --- [main] beddedDataSourceBeanFactoryPostProcessor : Replacing 'dataSource' DataSource bean with embedded version
2023-11-05T17:24:20.038-06:00  INFO 27384 --- [main] o.s.j.d.e.EmbeddedDatabaseFactory        : Starting embedded database: url='jdbc:h2:mem:4fb1315c-a768-433f-9e41-815e63d821a6;DB_CLOSE_DELAY=-1;DB_CLOSE_ON_EXIT=false', username='sa'
2023-11-05T17:24:20.373-06:00  INFO 27384 --- [main] o.hibernate.jpa.internal.util.LogHelper  : HHH000204: Processing PersistenceUnitInfo [name: default]
2023-11-05T17:24:20.441-06:00  INFO 27384 --- [main] org.hibernate.Version                    : HHH000412: Hibernate ORM core version 6.1.7.Final
2023-11-05T17:24:20.885-06:00  INFO 27384 --- [main] SQL dialect                              : HHH000400: Using dialect: org.hibernate.dialect.H2Dialect
2023-11-05T17:24:21.794-06:00  INFO 27384 --- [main] o.h.e.t.j.p.i.JtaPlatformInitiator       : HHH000490: Using JtaPlatform implementation: [org.hibernate.engine.transaction.jta.platform.internal.NoJtaPlatform]
2023-11-05T17:24:21.805-06:00  INFO 27384 --- [main] j.LocalContainerEntityManagerFactoryBean : Initialized JPA EntityManagerFactory for persistence unit 'default'
2023-11-05T17:24:22.395-06:00  INFO 27384 --- [main] c.l.products.ProductsControllerTest      : Started ProductsControllerTest in 4.467 seconds (process running for 6.471)
2023-11-05T17:24:22.910-06:00  INFO 27384 --- [SpringApplicationShutdownHook] j.LocalContainerEntityManagerFactoryBean : Closing JPA EntityManagerFactory for persistence unit 'default'
2023-11-05T17:25:09.260-06:00  INFO 2472 --- [main] c.l.products.ProductsControllerTest      : Starting ProductsControllerTest using Java 17.0.8 with PID 2472 (started by eddir in C:\Users\eddir\Documents\liverpoolMicroservices\sales-orders\products-api)
2023-11-05T17:25:09.263-06:00  INFO 2472 --- [main] c.l.products.ProductsControllerTest      : No active profile set, falling back to 1 default profile: "default"
2023-11-05T17:25:09.882-06:00  INFO 2472 --- [main] .s.d.r.c.RepositoryConfigurationDelegate : Bootstrapping Spring Data JPA repositories in DEFAULT mode.
2023-11-05T17:25:10.061-06:00  INFO 2472 --- [main] .s.d.r.c.RepositoryConfigurationDelegate : Finished Spring Data repository scanning in 169 ms. Found 1 JPA repository interfaces.
2023-11-05T17:25:10.142-06:00  INFO 2472 --- [main] beddedDataSourceBeanFactoryPostProcessor : Replacing 'dataSource' DataSource bean with embedded version
2023-11-05T17:25:10.405-06:00  INFO 2472 --- [main] o.s.j.d.e.EmbeddedDatabaseFactory        : Starting embedded database: url='jdbc:h2:mem:dffa8dd1-4405-4cd3-8f34-395b514823e8;DB_CLOSE_DELAY=-1;DB_CLOSE_ON_EXIT=false', username='sa'
2023-11-05T17:25:10.733-06:00  INFO 2472 --- [main] o.hibernate.jpa.internal.util.LogHelper  : HHH000204: Processing PersistenceUnitInfo [name: default]
2023-11-05T17:25:10.808-06:00  INFO 2472 --- [main] org.hibernate.Version                    : HHH000412: Hibernate ORM core version 6.1.7.Final
2023-11-05T17:25:11.244-06:00  INFO 2472 --- [main] SQL dialect                              : HHH000400: Using dialect: org.hibernate.dialect.H2Dialect
2023-11-05T17:25:12.093-06:00  INFO 2472 --- [main] o.h.e.t.j.p.i.JtaPlatformInitiator       : HHH000490: Using JtaPlatform implementation: [org.hibernate.engine.transaction.jta.platform.internal.NoJtaPlatform]
2023-11-05T17:25:12.102-06:00  INFO 2472 --- [main] j.LocalContainerEntityManagerFactoryBean : Initialized JPA EntityManagerFactory for persistence unit 'default'
2023-11-05T17:25:12.808-06:00  INFO 2472 --- [main] c.l.products.ProductsControllerTest      : Started ProductsControllerTest in 4.353 seconds (process running for 6.233)
2023-11-05T17:25:13.416-06:00  INFO 2472 --- [SpringApplicationShutdownHook] j.LocalContainerEntityManagerFactoryBean : Closing JPA EntityManagerFactory for persistence unit 'default'
2023-11-05T17:25:20.054-06:00  INFO 31088 --- [main] c.l.products.ProductsControllerTest      : Starting ProductsControllerTest using Java 17.0.8 with PID 31088 (started by eddir in C:\Users\eddir\Documents\liverpoolMicroservices\sales-orders\products-api)
2023-11-05T17:25:20.058-06:00  INFO 31088 --- [main] c.l.products.ProductsControllerTest      : No active profile set, falling back to 1 default profile: "default"
2023-11-05T17:25:20.723-06:00  INFO 31088 --- [main] .s.d.r.c.RepositoryConfigurationDelegate : Bootstrapping Spring Data JPA repositories in DEFAULT mode.
2023-11-05T17:25:20.918-06:00  INFO 31088 --- [main] .s.d.r.c.RepositoryConfigurationDelegate : Finished Spring Data repository scanning in 182 ms. Found 1 JPA repository interfaces.
2023-11-05T17:25:20.974-06:00  INFO 31088 --- [main] beddedDataSourceBeanFactoryPostProcessor : Replacing 'dataSource' DataSource bean with embedded version
2023-11-05T17:25:21.219-06:00  INFO 31088 --- [main] o.s.j.d.e.EmbeddedDatabaseFactory        : Starting embedded database: url='jdbc:h2:mem:80d3a749-32fa-4e7f-9e35-c8834d9c458a;DB_CLOSE_DELAY=-1;DB_CLOSE_ON_EXIT=false', username='sa'
2023-11-05T17:25:21.525-06:00  INFO 31088 --- [main] o.hibernate.jpa.internal.util.LogHelper  : HHH000204: Processing PersistenceUnitInfo [name: default]
2023-11-05T17:25:21.586-06:00  INFO 31088 --- [main] org.hibernate.Version                    : HHH000412: Hibernate ORM core version 6.1.7.Final
2023-11-05T17:25:21.995-06:00  INFO 31088 --- [main] SQL dialect                              : HHH000400: Using dialect: org.hibernate.dialect.H2Dialect
2023-11-05T17:25:22.930-06:00  INFO 31088 --- [main] o.h.e.t.j.p.i.JtaPlatformInitiator       : HHH000490: Using JtaPlatform implementation: [org.hibernate.engine.transaction.jta.platform.internal.NoJtaPlatform]
2023-11-05T17:25:22.943-06:00  INFO 31088 --- [main] j.LocalContainerEntityManagerFactoryBean : Initialized JPA EntityManagerFactory for persistence unit 'default'
2023-11-05T17:25:23.646-06:00  INFO 31088 --- [main] c.l.products.ProductsControllerTest      : Started ProductsControllerTest in 4.514 seconds (process running for 6.393)
2023-11-05T17:25:24.295-06:00  INFO 31088 --- [SpringApplicationShutdownHook] j.LocalContainerEntityManagerFactoryBean : Closing JPA EntityManagerFactory for persistence unit 'default'
2023-11-05T17:26:23.505-06:00  INFO 6780 --- [main] c.l.products.ProductsControllerTest      : Starting ProductsControllerTest using Java 17.0.8 with PID 6780 (started by eddir in C:\Users\eddir\Documents\liverpoolMicroservices\sales-orders\products-api)
2023-11-05T17:26:23.507-06:00  INFO 6780 --- [main] c.l.products.ProductsControllerTest      : No active profile set, falling back to 1 default profile: "default"
2023-11-05T17:26:24.114-06:00  INFO 6780 --- [main] .s.d.r.c.RepositoryConfigurationDelegate : Bootstrapping Spring Data JPA repositories in DEFAULT mode.
2023-11-05T17:26:24.342-06:00  INFO 6780 --- [main] .s.d.r.c.RepositoryConfigurationDelegate : Finished Spring Data repository scanning in 217 ms. Found 1 JPA repository interfaces.
2023-11-05T17:26:24.402-06:00  INFO 6780 --- [main] beddedDataSourceBeanFactoryPostProcessor : Replacing 'dataSource' DataSource bean with embedded version
2023-11-05T17:26:24.643-06:00  INFO 6780 --- [main] o.s.j.d.e.EmbeddedDatabaseFactory        : Starting embedded database: url='jdbc:h2:mem:271f42fd-ea99-4967-9f34-bbf4c4d6166d;DB_CLOSE_DELAY=-1;DB_CLOSE_ON_EXIT=false', username='sa'
2023-11-05T17:26:24.983-06:00  INFO 6780 --- [main] o.hibernate.jpa.internal.util.LogHelper  : HHH000204: Processing PersistenceUnitInfo [name: default]
2023-11-05T17:26:25.058-06:00  INFO 6780 --- [main] org.hibernate.Version                    : HHH000412: Hibernate ORM core version 6.1.7.Final
2023-11-05T17:26:25.536-06:00  INFO 6780 --- [main] SQL dialect                              : HHH000400: Using dialect: org.hibernate.dialect.H2Dialect
2023-11-05T17:26:26.516-06:00  INFO 6780 --- [main] o.h.e.t.j.p.i.JtaPlatformInitiator       : HHH000490: Using JtaPlatform implementation: [org.hibernate.engine.transaction.jta.platform.internal.NoJtaPlatform]
2023-11-05T17:26:26.528-06:00  INFO 6780 --- [main] j.LocalContainerEntityManagerFactoryBean : Initialized JPA EntityManagerFactory for persistence unit 'default'
2023-11-05T17:26:27.087-06:00  INFO 6780 --- [main] c.l.products.ProductsControllerTest      : Started ProductsControllerTest in 4.499 seconds (process running for 6.202)
2023-11-05T17:26:27.685-06:00  INFO 6780 --- [SpringApplicationShutdownHook] j.LocalContainerEntityManagerFactoryBean : Closing JPA EntityManagerFactory for persistence unit 'default'
2023-11-05T17:26:40.625-06:00  INFO 25428 --- [main] c.l.products.ProductsControllerTest      : Starting ProductsControllerTest using Java 17.0.8 with PID 25428 (started by eddir in C:\Users\eddir\Documents\liverpoolMicroservices\sales-orders\products-api)
2023-11-05T17:26:40.629-06:00  INFO 25428 --- [main] c.l.products.ProductsControllerTest      : No active profile set, falling back to 1 default profile: "default"
2023-11-05T17:26:41.232-06:00  INFO 25428 --- [main] .s.d.r.c.RepositoryConfigurationDelegate : Bootstrapping Spring Data JPA repositories in DEFAULT mode.
2023-11-05T17:26:41.428-06:00  INFO 25428 --- [main] .s.d.r.c.RepositoryConfigurationDelegate : Finished Spring Data repository scanning in 185 ms. Found 1 JPA repository interfaces.
2023-11-05T17:26:41.489-06:00  INFO 25428 --- [main] beddedDataSourceBeanFactoryPostProcessor : Replacing 'dataSource' DataSource bean with embedded version
2023-11-05T17:26:41.760-06:00  INFO 25428 --- [main] o.s.j.d.e.EmbeddedDatabaseFactory        : Starting embedded database: url='jdbc:h2:mem:2caeb518-83a6-428c-9e7f-a19e0c0a2dab;DB_CLOSE_DELAY=-1;DB_CLOSE_ON_EXIT=false', username='sa'
2023-11-05T17:26:42.063-06:00  INFO 25428 --- [main] o.hibernate.jpa.internal.util.LogHelper  : HHH000204: Processing PersistenceUnitInfo [name: default]
2023-11-05T17:26:42.124-06:00  INFO 25428 --- [main] org.hibernate.Version                    : HHH000412: Hibernate ORM core version 6.1.7.Final
2023-11-05T17:26:42.523-06:00  INFO 25428 --- [main] SQL dialect                              : HHH000400: Using dialect: org.hibernate.dialect.H2Dialect
2023-11-05T17:26:43.535-06:00  INFO 25428 --- [main] o.h.e.t.j.p.i.JtaPlatformInitiator       : HHH000490: Using JtaPlatform implementation: [org.hibernate.engine.transaction.jta.platform.internal.NoJtaPlatform]
2023-11-05T17:26:43.547-06:00  INFO 25428 --- [main] j.LocalContainerEntityManagerFactoryBean : Initialized JPA EntityManagerFactory for persistence unit 'default'
2023-11-05T17:26:44.183-06:00  INFO 25428 --- [main] c.l.products.ProductsControllerTest      : Started ProductsControllerTest in 4.396 seconds (process running for 6.102)
2023-11-05T17:27:15.219-06:00  INFO 25428 --- [SpringApplicationShutdownHook] j.LocalContainerEntityManagerFactoryBean : Closing JPA EntityManagerFactory for persistence unit 'default'
2023-11-05T17:27:24.786-06:00  INFO 16424 --- [main] c.l.products.ProductsControllerTest      : Starting ProductsControllerTest using Java 17.0.8 with PID 16424 (started by eddir in C:\Users\eddir\Documents\liverpoolMicroservices\sales-orders\products-api)
2023-11-05T17:27:24.788-06:00  INFO 16424 --- [main] c.l.products.ProductsControllerTest      : No active profile set, falling back to 1 default profile: "default"
2023-11-05T17:27:25.401-06:00  INFO 16424 --- [main] .s.d.r.c.RepositoryConfigurationDelegate : Bootstrapping Spring Data JPA repositories in DEFAULT mode.
2023-11-05T17:27:25.627-06:00  INFO 16424 --- [main] .s.d.r.c.RepositoryConfigurationDelegate : Finished Spring Data repository scanning in 213 ms. Found 1 JPA repository interfaces.
2023-11-05T17:27:25.699-06:00  INFO 16424 --- [main] beddedDataSourceBeanFactoryPostProcessor : Replacing 'dataSource' DataSource bean with embedded version
2023-11-05T17:27:25.964-06:00  INFO 16424 --- [main] o.s.j.d.e.EmbeddedDatabaseFactory        : Starting embedded database: url='jdbc:h2:mem:e908960e-ce9f-4755-b64a-b98dc2279a5f;DB_CLOSE_DELAY=-1;DB_CLOSE_ON_EXIT=false', username='sa'
2023-11-05T17:27:26.286-06:00  INFO 16424 --- [main] o.hibernate.jpa.internal.util.LogHelper  : HHH000204: Processing PersistenceUnitInfo [name: default]
2023-11-05T17:27:26.346-06:00  INFO 16424 --- [main] org.hibernate.Version                    : HHH000412: Hibernate ORM core version 6.1.7.Final
2023-11-05T17:27:26.785-06:00  INFO 16424 --- [main] SQL dialect                              : HHH000400: Using dialect: org.hibernate.dialect.H2Dialect
2023-11-05T17:27:27.713-06:00  INFO 16424 --- [main] o.h.e.t.j.p.i.JtaPlatformInitiator       : HHH000490: Using JtaPlatform implementation: [org.hibernate.engine.transaction.jta.platform.internal.NoJtaPlatform]
2023-11-05T17:27:27.724-06:00  INFO 16424 --- [main] j.LocalContainerEntityManagerFactoryBean : Initialized JPA EntityManagerFactory for persistence unit 'default'
2023-11-05T17:27:28.272-06:00  INFO 16424 --- [main] c.l.products.ProductsControllerTest      : Started ProductsControllerTest in 4.466 seconds (process running for 6.202)
2023-11-05T17:27:37.337-06:00  INFO 16424 --- [SpringApplicationShutdownHook] j.LocalContainerEntityManagerFactoryBean : Closing JPA EntityManagerFactory for persistence unit 'default'
2023-11-05T17:27:49.642-06:00  INFO 10584 --- [main] c.l.products.ProductsControllerTest      : Starting ProductsControllerTest using Java 17.0.8 with PID 10584 (started by eddir in C:\Users\eddir\Documents\liverpoolMicroservices\sales-orders\products-api)
2023-11-05T17:27:49.645-06:00  INFO 10584 --- [main] c.l.products.ProductsControllerTest      : No active profile set, falling back to 1 default profile: "default"
2023-11-05T17:27:50.260-06:00  INFO 10584 --- [main] .s.d.r.c.RepositoryConfigurationDelegate : Bootstrapping Spring Data JPA repositories in DEFAULT mode.
2023-11-05T17:27:50.456-06:00  INFO 10584 --- [main] .s.d.r.c.RepositoryConfigurationDelegate : Finished Spring Data repository scanning in 186 ms. Found 1 JPA repository interfaces.
2023-11-05T17:27:50.518-06:00  INFO 10584 --- [main] beddedDataSourceBeanFactoryPostProcessor : Replacing 'dataSource' DataSource bean with embedded version
2023-11-05T17:27:50.787-06:00  INFO 10584 --- [main] o.s.j.d.e.EmbeddedDatabaseFactory        : Starting embedded database: url='jdbc:h2:mem:b8d56952-9a4a-4418-a58e-26a52e41f8fc;DB_CLOSE_DELAY=-1;DB_CLOSE_ON_EXIT=false', username='sa'
2023-11-05T17:27:51.090-06:00  INFO 10584 --- [main] o.hibernate.jpa.internal.util.LogHelper  : HHH000204: Processing PersistenceUnitInfo [name: default]
2023-11-05T17:27:51.158-06:00  INFO 10584 --- [main] org.hibernate.Version                    : HHH000412: Hibernate ORM core version 6.1.7.Final
2023-11-05T17:27:51.527-06:00  INFO 10584 --- [main] SQL dialect                              : HHH000400: Using dialect: org.hibernate.dialect.H2Dialect
2023-11-05T17:27:52.345-06:00  INFO 10584 --- [main] o.h.e.t.j.p.i.JtaPlatformInitiator       : HHH000490: Using JtaPlatform implementation: [org.hibernate.engine.transaction.jta.platform.internal.NoJtaPlatform]
2023-11-05T17:27:52.355-06:00  INFO 10584 --- [main] j.LocalContainerEntityManagerFactoryBean : Initialized JPA EntityManagerFactory for persistence unit 'default'
2023-11-05T17:27:52.891-06:00  INFO 10584 --- [main] c.l.products.ProductsControllerTest      : Started ProductsControllerTest in 4.093 seconds (process running for 5.627)
2023-11-05T17:27:53.251-06:00  INFO 10584 --- [SpringApplicationShutdownHook] j.LocalContainerEntityManagerFactoryBean : Closing JPA EntityManagerFactory for persistence unit 'default'
2023-11-05T17:28:03.258-06:00  INFO 11996 --- [main] c.l.products.ProductsControllerTest      : Starting ProductsControllerTest using Java 17.0.8 with PID 11996 (started by eddir in C:\Users\eddir\Documents\liverpoolMicroservices\sales-orders\products-api)
2023-11-05T17:28:03.261-06:00  INFO 11996 --- [main] c.l.products.ProductsControllerTest      : No active profile set, falling back to 1 default profile: "default"
2023-11-05T17:28:03.788-06:00  INFO 11996 --- [main] .s.d.r.c.RepositoryConfigurationDelegate : Bootstrapping Spring Data JPA repositories in DEFAULT mode.
2023-11-05T17:28:03.974-06:00  INFO 11996 --- [main] .s.d.r.c.RepositoryConfigurationDelegate : Finished Spring Data repository scanning in 178 ms. Found 1 JPA repository interfaces.
2023-11-05T17:28:04.045-06:00  INFO 11996 --- [main] beddedDataSourceBeanFactoryPostProcessor : Replacing 'dataSource' DataSource bean with embedded version
2023-11-05T17:28:04.307-06:00  INFO 11996 --- [main] o.s.j.d.e.EmbeddedDatabaseFactory        : Starting embedded database: url='jdbc:h2:mem:f7b3a85f-9acb-4daf-aa6b-ec6a53bf5947;DB_CLOSE_DELAY=-1;DB_CLOSE_ON_EXIT=false', username='sa'
2023-11-05T17:28:04.606-06:00  INFO 11996 --- [main] o.hibernate.jpa.internal.util.LogHelper  : HHH000204: Processing PersistenceUnitInfo [name: default]
2023-11-05T17:28:04.670-06:00  INFO 11996 --- [main] org.hibernate.Version                    : HHH000412: Hibernate ORM core version 6.1.7.Final
2023-11-05T17:28:05.136-06:00  INFO 11996 --- [main] SQL dialect                              : HHH000400: Using dialect: org.hibernate.dialect.H2Dialect
2023-11-05T17:28:05.986-06:00  INFO 11996 --- [main] o.h.e.t.j.p.i.JtaPlatformInitiator       : HHH000490: Using JtaPlatform implementation: [org.hibernate.engine.transaction.jta.platform.internal.NoJtaPlatform]
2023-11-05T17:28:05.996-06:00  INFO 11996 --- [main] j.LocalContainerEntityManagerFactoryBean : Initialized JPA EntityManagerFactory for persistence unit 'default'
2023-11-05T17:28:06.523-06:00  INFO 11996 --- [main] c.l.products.ProductsControllerTest      : Started ProductsControllerTest in 4.025 seconds (process running for 5.629)
2023-11-05T17:28:06.866-06:00  INFO 11996 --- [SpringApplicationShutdownHook] j.LocalContainerEntityManagerFactoryBean : Closing JPA EntityManagerFactory for persistence unit 'default'
