2023-11-05T18:00:29.910-06:00  INFO 6064 --- [main] c.liverpool.orders.OrdersControllerTest  : Starting OrdersControllerTest using Java 17.0.8 with PID 6064 (started by eddir in C:\Users\eddir\Documents\liverpoolMicroservices\sales-orders\orders-api)
2023-11-05T18:00:29.922-06:00  INFO 6064 --- [main] c.liverpool.orders.OrdersControllerTest  : No active profile set, falling back to 1 default profile: "default"
2023-11-05T18:00:30.632-06:00  INFO 6064 --- [main] .s.d.r.c.RepositoryConfigurationDelegate : Bootstrapping Spring Data JPA repositories in DEFAULT mode.
2023-11-05T18:00:30.863-06:00  INFO 6064 --- [main] .s.d.r.c.RepositoryConfigurationDelegate : Finished Spring Data repository scanning in 219 ms. Found 2 JPA repository interfaces.
2023-11-05T18:00:30.925-06:00  INFO 6064 --- [main] beddedDataSourceBeanFactoryPostProcessor : Replacing 'dataSource' DataSource bean with embedded version
2023-11-05T18:00:31.172-06:00  INFO 6064 --- [main] o.s.j.d.e.EmbeddedDatabaseFactory        : Starting embedded database: url='jdbc:h2:mem:9c6a96f7-3432-41f0-a6d4-29b4eb581f4c;DB_CLOSE_DELAY=-1;DB_CLOSE_ON_EXIT=false', username='sa'
2023-11-05T18:00:31.522-06:00  INFO 6064 --- [main] o.hibernate.jpa.internal.util.LogHelper  : HHH000204: Processing PersistenceUnitInfo [name: default]
2023-11-05T18:00:31.602-06:00  INFO 6064 --- [main] org.hibernate.Version                    : HHH000412: Hibernate ORM core version 6.1.7.Final
2023-11-05T18:00:32.034-06:00  INFO 6064 --- [main] SQL dialect                              : HHH000400: Using dialect: org.hibernate.dialect.H2Dialect
2023-11-05T18:00:32.991-06:00  INFO 6064 --- [main] o.h.e.t.j.p.i.JtaPlatformInitiator       : HHH000490: Using JtaPlatform implementation: [org.hibernate.engine.transaction.jta.platform.internal.NoJtaPlatform]
2023-11-05T18:00:33.002-06:00  INFO 6064 --- [main] j.LocalContainerEntityManagerFactoryBean : Initialized JPA EntityManagerFactory for persistence unit 'default'
2023-11-05T18:00:33.516-06:00  INFO 6064 --- [main] c.liverpool.orders.OrdersControllerTest  : Started OrdersControllerTest in 4.394 seconds (process running for 6.068)
2023-11-05T18:00:33.909-06:00  INFO 6064 --- [SpringApplicationShutdownHook] j.LocalContainerEntityManagerFactoryBean : Closing JPA EntityManagerFactory for persistence unit 'default'
2023-11-05T18:04:48.284-06:00  INFO 34080 --- [main] c.liverpool.orders.OrdersControllerTest  : Starting OrdersControllerTest using Java 17.0.8 with PID 34080 (started by eddir in C:\Users\eddir\Documents\liverpoolMicroservices\sales-orders\orders-api)
2023-11-05T18:04:48.286-06:00  INFO 34080 --- [main] c.liverpool.orders.OrdersControllerTest  : No active profile set, falling back to 1 default profile: "default"
2023-11-05T18:04:48.800-06:00  INFO 34080 --- [main] .s.d.r.c.RepositoryConfigurationDelegate : Bootstrapping Spring Data JPA repositories in DEFAULT mode.
2023-11-05T18:04:49.006-06:00  INFO 34080 --- [main] .s.d.r.c.RepositoryConfigurationDelegate : Finished Spring Data repository scanning in 194 ms. Found 2 JPA repository interfaces.
2023-11-05T18:04:49.071-06:00  INFO 34080 --- [main] beddedDataSourceBeanFactoryPostProcessor : Replacing 'dataSource' DataSource bean with embedded version
2023-11-05T18:04:49.318-06:00  INFO 34080 --- [main] o.s.j.d.e.EmbeddedDatabaseFactory        : Starting embedded database: url='jdbc:h2:mem:14465e12-6534-445c-b5d6-8e8a0cdcabcb;DB_CLOSE_DELAY=-1;DB_CLOSE_ON_EXIT=false', username='sa'
2023-11-05T18:04:49.614-06:00  INFO 34080 --- [main] o.hibernate.jpa.internal.util.LogHelper  : HHH000204: Processing PersistenceUnitInfo [name: default]
2023-11-05T18:04:49.684-06:00  INFO 34080 --- [main] org.hibernate.Version                    : HHH000412: Hibernate ORM core version 6.1.7.Final
2023-11-05T18:04:50.075-06:00  INFO 34080 --- [main] SQL dialect                              : HHH000400: Using dialect: org.hibernate.dialect.H2Dialect
2023-11-05T18:04:50.956-06:00  INFO 34080 --- [main] o.h.e.t.j.p.i.JtaPlatformInitiator       : HHH000490: Using JtaPlatform implementation: [org.hibernate.engine.transaction.jta.platform.internal.NoJtaPlatform]
2023-11-05T18:04:50.966-06:00  INFO 34080 --- [main] j.LocalContainerEntityManagerFactoryBean : Initialized JPA EntityManagerFactory for persistence unit 'default'
2023-11-05T18:04:51.474-06:00  INFO 34080 --- [main] c.liverpool.orders.OrdersControllerTest  : Started OrdersControllerTest in 3.936 seconds (process running for 5.474)
2023-11-05T18:04:51.864-06:00  WARN 34080 --- [main] o.h.engine.jdbc.spi.SqlExceptionHelper   : SQL Error: 23506, SQLState: 23506
2023-11-05T18:04:51.865-06:00 ERROR 34080 --- [main] o.h.engine.jdbc.spi.SqlExceptionHelper   : Referential integrity constraint violation: "FK6BVMMKRYYDBOOG7D2BHQQEJHS: PUBLIC.ORDERSDETAIL FOREIGN KEY(ORDERID) REFERENCES PUBLIC.ORDERS(ORDERID) ('10ab3010-e23f-434d-bf6e-6579b5c84093')"; SQL statement:
insert into ordersdetail (amount, orderid, productid, purchaseditems, detailid) values (?, ?, ?, ?, ?) [23506-214]
2023-11-05T18:04:51.865-06:00  INFO 34080 --- [main] o.h.e.j.b.internal.AbstractBatchImpl     : HHH000010: On release of batch it still contained JDBC statements
2023-11-05T18:04:51.908-06:00  INFO 34080 --- [SpringApplicationShutdownHook] j.LocalContainerEntityManagerFactoryBean : Closing JPA EntityManagerFactory for persistence unit 'default'
2023-11-05T18:12:19.994-06:00  INFO 6200 --- [main] c.liverpool.orders.OrdersControllerTest  : Starting OrdersControllerTest using Java 17.0.8 with PID 6200 (started by eddir in C:\Users\eddir\Documents\liverpoolMicroservices\sales-orders\orders-api)
2023-11-05T18:12:19.997-06:00  INFO 6200 --- [main] c.liverpool.orders.OrdersControllerTest  : No active profile set, falling back to 1 default profile: "default"
2023-11-05T18:12:20.538-06:00  INFO 6200 --- [main] .s.d.r.c.RepositoryConfigurationDelegate : Bootstrapping Spring Data JPA repositories in DEFAULT mode.
2023-11-05T18:12:20.729-06:00  INFO 6200 --- [main] .s.d.r.c.RepositoryConfigurationDelegate : Finished Spring Data repository scanning in 181 ms. Found 2 JPA repository interfaces.
2023-11-05T18:12:20.791-06:00  INFO 6200 --- [main] beddedDataSourceBeanFactoryPostProcessor : Replacing 'dataSource' DataSource bean with embedded version
2023-11-05T18:12:21.037-06:00  INFO 6200 --- [main] o.s.j.d.e.EmbeddedDatabaseFactory        : Starting embedded database: url='jdbc:h2:mem:c55a1ca1-eb9d-4db4-80d7-a8ce58960cc4;DB_CLOSE_DELAY=-1;DB_CLOSE_ON_EXIT=false', username='sa'
2023-11-05T18:12:21.331-06:00  INFO 6200 --- [main] o.hibernate.jpa.internal.util.LogHelper  : HHH000204: Processing PersistenceUnitInfo [name: default]
2023-11-05T18:12:21.398-06:00  INFO 6200 --- [main] org.hibernate.Version                    : HHH000412: Hibernate ORM core version 6.1.7.Final
2023-11-05T18:12:21.787-06:00  INFO 6200 --- [main] SQL dialect                              : HHH000400: Using dialect: org.hibernate.dialect.H2Dialect
2023-11-05T18:12:22.681-06:00  INFO 6200 --- [main] o.h.e.t.j.p.i.JtaPlatformInitiator       : HHH000490: Using JtaPlatform implementation: [org.hibernate.engine.transaction.jta.platform.internal.NoJtaPlatform]
2023-11-05T18:12:22.691-06:00  INFO 6200 --- [main] j.LocalContainerEntityManagerFactoryBean : Initialized JPA EntityManagerFactory for persistence unit 'default'
2023-11-05T18:12:23.211-06:00  INFO 6200 --- [main] c.liverpool.orders.OrdersControllerTest  : Started OrdersControllerTest in 3.946 seconds (process running for 5.468)
2023-11-05T18:12:23.599-06:00  WARN 6200 --- [main] o.h.engine.jdbc.spi.SqlExceptionHelper   : SQL Error: 23506, SQLState: 23506
2023-11-05T18:12:23.600-06:00 ERROR 6200 --- [main] o.h.engine.jdbc.spi.SqlExceptionHelper   : Referential integrity constraint violation: "FK6BVMMKRYYDBOOG7D2BHQQEJHS: PUBLIC.ORDERSDETAIL FOREIGN KEY(ORDERID) REFERENCES PUBLIC.ORDERS(ORDERID) ('8df37f48-d1c4-443e-9b69-80dd0e339cf0')"; SQL statement:
insert into ordersdetail (amount, orderid, productid, purchaseditems, detailid) values (?, ?, ?, ?, ?) [23506-214]
2023-11-05T18:12:23.601-06:00  INFO 6200 --- [main] o.h.e.j.b.internal.AbstractBatchImpl     : HHH000010: On release of batch it still contained JDBC statements
2023-11-05T18:12:23.650-06:00  INFO 6200 --- [SpringApplicationShutdownHook] j.LocalContainerEntityManagerFactoryBean : Closing JPA EntityManagerFactory for persistence unit 'default'
2023-11-05T18:19:49.124-06:00  INFO 27408 --- [main] c.liverpool.orders.OrdersControllerTest  : Starting OrdersControllerTest using Java 17.0.8 with PID 27408 (started by eddir in C:\Users\eddir\Documents\liverpoolMicroservices\sales-orders\orders-api)
2023-11-05T18:19:49.127-06:00  INFO 27408 --- [main] c.liverpool.orders.OrdersControllerTest  : No active profile set, falling back to 1 default profile: "default"
2023-11-05T18:19:49.725-06:00  INFO 27408 --- [main] .s.d.r.c.RepositoryConfigurationDelegate : Bootstrapping Spring Data JPA repositories in DEFAULT mode.
2023-11-05T18:19:49.952-06:00  INFO 27408 --- [main] .s.d.r.c.RepositoryConfigurationDelegate : Finished Spring Data repository scanning in 214 ms. Found 2 JPA repository interfaces.
2023-11-05T18:19:50.017-06:00  INFO 27408 --- [main] beddedDataSourceBeanFactoryPostProcessor : Replacing 'dataSource' DataSource bean with embedded version
2023-11-05T18:19:50.298-06:00  INFO 27408 --- [main] o.s.j.d.e.EmbeddedDatabaseFactory        : Starting embedded database: url='jdbc:h2:mem:74079e86-a80b-45d1-b6ec-cf205c227b72;DB_CLOSE_DELAY=-1;DB_CLOSE_ON_EXIT=false', username='sa'
2023-11-05T18:19:50.617-06:00  INFO 27408 --- [main] o.hibernate.jpa.internal.util.LogHelper  : HHH000204: Processing PersistenceUnitInfo [name: default]
2023-11-05T18:19:50.681-06:00  INFO 27408 --- [main] org.hibernate.Version                    : HHH000412: Hibernate ORM core version 6.1.7.Final
2023-11-05T18:19:51.103-06:00  INFO 27408 --- [main] SQL dialect                              : HHH000400: Using dialect: org.hibernate.dialect.H2Dialect
2023-11-05T18:19:52.168-06:00  INFO 27408 --- [main] o.h.e.t.j.p.i.JtaPlatformInitiator       : HHH000490: Using JtaPlatform implementation: [org.hibernate.engine.transaction.jta.platform.internal.NoJtaPlatform]
2023-11-05T18:19:52.180-06:00  INFO 27408 --- [main] j.LocalContainerEntityManagerFactoryBean : Initialized JPA EntityManagerFactory for persistence unit 'default'
2023-11-05T18:19:52.865-06:00  INFO 27408 --- [main] c.liverpool.orders.OrdersControllerTest  : Started OrdersControllerTest in 4.586 seconds (process running for 6.384)
2023-11-05T18:19:59.780-06:00  WARN 27408 --- [main] o.h.engine.jdbc.spi.SqlExceptionHelper   : SQL Error: 23506, SQLState: 23506
2023-11-05T18:19:59.781-06:00 ERROR 27408 --- [main] o.h.engine.jdbc.spi.SqlExceptionHelper   : Referential integrity constraint violation: "FK6BVMMKRYYDBOOG7D2BHQQEJHS: PUBLIC.ORDERSDETAIL FOREIGN KEY(ORDERID) REFERENCES PUBLIC.ORDERS(ORDERID) ('429ace22-79e9-4b49-b48f-3615df7a79d3')"; SQL statement:
insert into ordersdetail (amount, orderid, productid, purchaseditems, detailid) values (?, ?, ?, ?, ?) [23506-214]
2023-11-05T18:19:59.785-06:00  INFO 27408 --- [main] o.h.e.j.b.internal.AbstractBatchImpl     : HHH000010: On release of batch it still contained JDBC statements
2023-11-05T18:21:08.901-06:00  INFO 27408 --- [SpringApplicationShutdownHook] j.LocalContainerEntityManagerFactoryBean : Closing JPA EntityManagerFactory for persistence unit 'default'
2023-11-05T18:21:15.165-06:00  INFO 21804 --- [main] c.liverpool.orders.OrdersControllerTest  : Starting OrdersControllerTest using Java 17.0.8 with PID 21804 (started by eddir in C:\Users\eddir\Documents\liverpoolMicroservices\sales-orders\orders-api)
2023-11-05T18:21:15.168-06:00  INFO 21804 --- [main] c.liverpool.orders.OrdersControllerTest  : No active profile set, falling back to 1 default profile: "default"
2023-11-05T18:21:15.810-06:00  INFO 21804 --- [main] .s.d.r.c.RepositoryConfigurationDelegate : Bootstrapping Spring Data JPA repositories in DEFAULT mode.
2023-11-05T18:21:16.021-06:00  INFO 21804 --- [main] .s.d.r.c.RepositoryConfigurationDelegate : Finished Spring Data repository scanning in 200 ms. Found 2 JPA repository interfaces.
2023-11-05T18:21:16.088-06:00  INFO 21804 --- [main] beddedDataSourceBeanFactoryPostProcessor : Replacing 'dataSource' DataSource bean with embedded version
2023-11-05T18:21:16.400-06:00  INFO 21804 --- [main] o.s.j.d.e.EmbeddedDatabaseFactory        : Starting embedded database: url='jdbc:h2:mem:3b06187d-76a8-4021-ba56-64f8ff2385b4;DB_CLOSE_DELAY=-1;DB_CLOSE_ON_EXIT=false', username='sa'
2023-11-05T18:21:16.743-06:00  INFO 21804 --- [main] o.hibernate.jpa.internal.util.LogHelper  : HHH000204: Processing PersistenceUnitInfo [name: default]
2023-11-05T18:21:16.811-06:00  INFO 21804 --- [main] org.hibernate.Version                    : HHH000412: Hibernate ORM core version 6.1.7.Final
2023-11-05T18:21:17.219-06:00  INFO 21804 --- [main] SQL dialect                              : HHH000400: Using dialect: org.hibernate.dialect.H2Dialect
2023-11-05T18:21:18.181-06:00  INFO 21804 --- [main] o.h.e.t.j.p.i.JtaPlatformInitiator       : HHH000490: Using JtaPlatform implementation: [org.hibernate.engine.transaction.jta.platform.internal.NoJtaPlatform]
2023-11-05T18:21:18.192-06:00  INFO 21804 --- [main] j.LocalContainerEntityManagerFactoryBean : Initialized JPA EntityManagerFactory for persistence unit 'default'
2023-11-05T18:21:18.793-06:00  INFO 21804 --- [main] c.liverpool.orders.OrdersControllerTest  : Started OrdersControllerTest in 4.463 seconds (process running for 6.3)
2023-11-05T18:23:39.236-06:00  INFO 21804 --- [SpringApplicationShutdownHook] j.LocalContainerEntityManagerFactoryBean : Closing JPA EntityManagerFactory for persistence unit 'default'
2023-11-05T18:23:46.232-06:00  INFO 21676 --- [main] c.liverpool.orders.OrdersControllerTest  : Starting OrdersControllerTest using Java 17.0.8 with PID 21676 (started by eddir in C:\Users\eddir\Documents\liverpoolMicroservices\sales-orders\orders-api)
2023-11-05T18:23:46.235-06:00  INFO 21676 --- [main] c.liverpool.orders.OrdersControllerTest  : No active profile set, falling back to 1 default profile: "default"
2023-11-05T18:23:46.869-06:00  INFO 21676 --- [main] .s.d.r.c.RepositoryConfigurationDelegate : Bootstrapping Spring Data JPA repositories in DEFAULT mode.
2023-11-05T18:23:47.066-06:00  INFO 21676 --- [main] .s.d.r.c.RepositoryConfigurationDelegate : Finished Spring Data repository scanning in 186 ms. Found 2 JPA repository interfaces.
2023-11-05T18:23:47.133-06:00  INFO 21676 --- [main] beddedDataSourceBeanFactoryPostProcessor : Replacing 'dataSource' DataSource bean with embedded version
2023-11-05T18:23:47.398-06:00  INFO 21676 --- [main] o.s.j.d.e.EmbeddedDatabaseFactory        : Starting embedded database: url='jdbc:h2:mem:2407b42b-3c4f-414f-89ca-4e9070142009;DB_CLOSE_DELAY=-1;DB_CLOSE_ON_EXIT=false', username='sa'
2023-11-05T18:23:47.708-06:00  INFO 21676 --- [main] o.hibernate.jpa.internal.util.LogHelper  : HHH000204: Processing PersistenceUnitInfo [name: default]
2023-11-05T18:23:47.772-06:00  INFO 21676 --- [main] org.hibernate.Version                    : HHH000412: Hibernate ORM core version 6.1.7.Final
2023-11-05T18:23:48.171-06:00  INFO 21676 --- [main] SQL dialect                              : HHH000400: Using dialect: org.hibernate.dialect.H2Dialect
2023-11-05T18:23:49.204-06:00  INFO 21676 --- [main] o.h.e.t.j.p.i.JtaPlatformInitiator       : HHH000490: Using JtaPlatform implementation: [org.hibernate.engine.transaction.jta.platform.internal.NoJtaPlatform]
2023-11-05T18:23:49.215-06:00  INFO 21676 --- [main] j.LocalContainerEntityManagerFactoryBean : Initialized JPA EntityManagerFactory for persistence unit 'default'
2023-11-05T18:23:49.788-06:00  INFO 21676 --- [main] c.liverpool.orders.OrdersControllerTest  : Started OrdersControllerTest in 4.395 seconds (process running for 6.118)
2023-11-05T18:31:10.529-06:00  INFO 21676 --- [SpringApplicationShutdownHook] j.LocalContainerEntityManagerFactoryBean : Closing JPA EntityManagerFactory for persistence unit 'default'
2023-11-05T18:31:56.959-06:00  INFO 26884 --- [main] c.liverpool.orders.OrdersControllerTest  : Starting OrdersControllerTest using Java 17.0.8 with PID 26884 (started by eddir in C:\Users\eddir\Documents\liverpoolMicroservices\sales-orders\orders-api)
2023-11-05T18:31:56.963-06:00  INFO 26884 --- [main] c.liverpool.orders.OrdersControllerTest  : No active profile set, falling back to 1 default profile: "default"
2023-11-05T18:31:57.615-06:00  INFO 26884 --- [main] .s.d.r.c.RepositoryConfigurationDelegate : Bootstrapping Spring Data JPA repositories in DEFAULT mode.
2023-11-05T18:31:57.835-06:00  INFO 26884 --- [main] .s.d.r.c.RepositoryConfigurationDelegate : Finished Spring Data repository scanning in 208 ms. Found 2 JPA repository interfaces.
2023-11-05T18:31:57.900-06:00  INFO 26884 --- [main] beddedDataSourceBeanFactoryPostProcessor : Replacing 'dataSource' DataSource bean with embedded version
2023-11-05T18:31:58.182-06:00  INFO 26884 --- [main] o.s.j.d.e.EmbeddedDatabaseFactory        : Starting embedded database: url='jdbc:h2:mem:f28406a5-9837-468e-af7f-bd27348bf508;DB_CLOSE_DELAY=-1;DB_CLOSE_ON_EXIT=false', username='sa'
2023-11-05T18:31:58.519-06:00  INFO 26884 --- [main] o.hibernate.jpa.internal.util.LogHelper  : HHH000204: Processing PersistenceUnitInfo [name: default]
2023-11-05T18:31:58.607-06:00  INFO 26884 --- [main] org.hibernate.Version                    : HHH000412: Hibernate ORM core version 6.1.7.Final
2023-11-05T18:31:59.105-06:00  INFO 26884 --- [main] SQL dialect                              : HHH000400: Using dialect: org.hibernate.dialect.H2Dialect
2023-11-05T18:32:00.242-06:00  INFO 26884 --- [main] o.h.e.t.j.p.i.JtaPlatformInitiator       : HHH000490: Using JtaPlatform implementation: [org.hibernate.engine.transaction.jta.platform.internal.NoJtaPlatform]
2023-11-05T18:32:00.254-06:00  INFO 26884 --- [main] j.LocalContainerEntityManagerFactoryBean : Initialized JPA EntityManagerFactory for persistence unit 'default'
2023-11-05T18:32:00.913-06:00  INFO 26884 --- [main] c.liverpool.orders.OrdersControllerTest  : Started OrdersControllerTest in 4.768 seconds (process running for 6.545)
2023-11-05T18:32:01.550-06:00  WARN 26884 --- [main] o.h.engine.jdbc.spi.SqlExceptionHelper   : SQL Error: 23506, SQLState: 23506
2023-11-05T18:32:01.550-06:00 ERROR 26884 --- [main] o.h.engine.jdbc.spi.SqlExceptionHelper   : Referential integrity constraint violation: "FK6BVMMKRYYDBOOG7D2BHQQEJHS: PUBLIC.ORDERSDETAIL FOREIGN KEY(ORDERID) REFERENCES PUBLIC.ORDERS(ORDERID) ('571ab132-4ca2-46c4-a4a5-0a03e598342b')"; SQL statement:
insert into ordersdetail (amount, orderid, productid, purchaseditems, detailid) values (?, ?, ?, ?, ?) [23506-214]
2023-11-05T18:32:01.553-06:00  INFO 26884 --- [main] o.h.e.j.b.internal.AbstractBatchImpl     : HHH000010: On release of batch it still contained JDBC statements
2023-11-05T18:32:01.630-06:00  INFO 26884 --- [SpringApplicationShutdownHook] j.LocalContainerEntityManagerFactoryBean : Closing JPA EntityManagerFactory for persistence unit 'default'
2023-11-05T18:32:54.666-06:00  INFO 23816 --- [main] c.liverpool.orders.OrdersControllerTest  : Starting OrdersControllerTest using Java 17.0.8 with PID 23816 (started by eddir in C:\Users\eddir\Documents\liverpoolMicroservices\sales-orders\orders-api)
2023-11-05T18:32:54.669-06:00  INFO 23816 --- [main] c.liverpool.orders.OrdersControllerTest  : No active profile set, falling back to 1 default profile: "default"
2023-11-05T18:32:55.305-06:00  INFO 23816 --- [main] .s.d.r.c.RepositoryConfigurationDelegate : Bootstrapping Spring Data JPA repositories in DEFAULT mode.
2023-11-05T18:32:55.532-06:00  INFO 23816 --- [main] .s.d.r.c.RepositoryConfigurationDelegate : Finished Spring Data repository scanning in 213 ms. Found 2 JPA repository interfaces.
2023-11-05T18:32:55.604-06:00  INFO 23816 --- [main] beddedDataSourceBeanFactoryPostProcessor : Replacing 'dataSource' DataSource bean with embedded version
2023-11-05T18:32:55.883-06:00  INFO 23816 --- [main] o.s.j.d.e.EmbeddedDatabaseFactory        : Starting embedded database: url='jdbc:h2:mem:ed10eecf-118d-468a-ade1-f0939cff34ea;DB_CLOSE_DELAY=-1;DB_CLOSE_ON_EXIT=false', username='sa'
2023-11-05T18:32:56.200-06:00  INFO 23816 --- [main] o.hibernate.jpa.internal.util.LogHelper  : HHH000204: Processing PersistenceUnitInfo [name: default]
2023-11-05T18:32:56.269-06:00  INFO 23816 --- [main] org.hibernate.Version                    : HHH000412: Hibernate ORM core version 6.1.7.Final
2023-11-05T18:32:56.717-06:00  INFO 23816 --- [main] SQL dialect                              : HHH000400: Using dialect: org.hibernate.dialect.H2Dialect
2023-11-05T18:32:57.727-06:00  INFO 23816 --- [main] o.h.e.t.j.p.i.JtaPlatformInitiator       : HHH000490: Using JtaPlatform implementation: [org.hibernate.engine.transaction.jta.platform.internal.NoJtaPlatform]
2023-11-05T18:32:57.738-06:00  INFO 23816 --- [main] j.LocalContainerEntityManagerFactoryBean : Initialized JPA EntityManagerFactory for persistence unit 'default'
2023-11-05T18:32:58.300-06:00  INFO 23816 --- [main] c.liverpool.orders.OrdersControllerTest  : Started OrdersControllerTest in 4.448 seconds (process running for 6.204)
2023-11-05T18:32:58.819-06:00  WARN 23816 --- [main] o.h.engine.jdbc.spi.SqlExceptionHelper   : SQL Error: 23506, SQLState: 23506
2023-11-05T18:32:58.820-06:00 ERROR 23816 --- [main] o.h.engine.jdbc.spi.SqlExceptionHelper   : Referential integrity constraint violation: "FK6BVMMKRYYDBOOG7D2BHQQEJHS: PUBLIC.ORDERSDETAIL FOREIGN KEY(ORDERID) REFERENCES PUBLIC.ORDERS(ORDERID) ('a33c8718-1187-4acb-85a0-92f794a4c336')"; SQL statement:
insert into ordersdetail (amount, orderid, productid, purchaseditems, detailid) values (?, ?, ?, ?, ?) [23506-214]
2023-11-05T18:32:58.821-06:00  INFO 23816 --- [main] o.h.e.j.b.internal.AbstractBatchImpl     : HHH000010: On release of batch it still contained JDBC statements
2023-11-05T18:32:58.878-06:00  INFO 23816 --- [SpringApplicationShutdownHook] j.LocalContainerEntityManagerFactoryBean : Closing JPA EntityManagerFactory for persistence unit 'default'
2023-11-05T18:34:23.636-06:00  INFO 22600 --- [main] c.liverpool.orders.OrdersControllerTest  : Starting OrdersControllerTest using Java 17.0.8 with PID 22600 (started by eddir in C:\Users\eddir\Documents\liverpoolMicroservices\sales-orders\orders-api)
2023-11-05T18:34:23.640-06:00  INFO 22600 --- [main] c.liverpool.orders.OrdersControllerTest  : No active profile set, falling back to 1 default profile: "default"
2023-11-05T18:34:24.301-06:00  INFO 22600 --- [main] .s.d.r.c.RepositoryConfigurationDelegate : Bootstrapping Spring Data JPA repositories in DEFAULT mode.
2023-11-05T18:34:24.516-06:00  INFO 22600 --- [main] .s.d.r.c.RepositoryConfigurationDelegate : Finished Spring Data repository scanning in 204 ms. Found 2 JPA repository interfaces.
2023-11-05T18:34:24.579-06:00  INFO 22600 --- [main] beddedDataSourceBeanFactoryPostProcessor : Replacing 'dataSource' DataSource bean with embedded version
2023-11-05T18:34:24.847-06:00  INFO 22600 --- [main] o.s.j.d.e.EmbeddedDatabaseFactory        : Starting embedded database: url='jdbc:h2:mem:13aaced1-5a49-4f5c-946a-e85f34a9934d;DB_CLOSE_DELAY=-1;DB_CLOSE_ON_EXIT=false', username='sa'
2023-11-05T18:34:25.173-06:00  INFO 22600 --- [main] o.hibernate.jpa.internal.util.LogHelper  : HHH000204: Processing PersistenceUnitInfo [name: default]
2023-11-05T18:34:25.248-06:00  INFO 22600 --- [main] org.hibernate.Version                    : HHH000412: Hibernate ORM core version 6.1.7.Final
2023-11-05T18:34:25.700-06:00  INFO 22600 --- [main] SQL dialect                              : HHH000400: Using dialect: org.hibernate.dialect.H2Dialect
2023-11-05T18:34:26.757-06:00  INFO 22600 --- [main] o.h.e.t.j.p.i.JtaPlatformInitiator       : HHH000490: Using JtaPlatform implementation: [org.hibernate.engine.transaction.jta.platform.internal.NoJtaPlatform]
2023-11-05T18:34:26.775-06:00  INFO 22600 --- [main] j.LocalContainerEntityManagerFactoryBean : Initialized JPA EntityManagerFactory for persistence unit 'default'
2023-11-05T18:34:27.339-06:00  INFO 22600 --- [main] c.liverpool.orders.OrdersControllerTest  : Started OrdersControllerTest in 4.551 seconds (process running for 6.258)
2023-11-05T18:34:52.953-06:00  WARN 22600 --- [main] o.h.engine.jdbc.spi.SqlExceptionHelper   : SQL Error: 23506, SQLState: 23506
2023-11-05T18:34:52.964-06:00 ERROR 22600 --- [main] o.h.engine.jdbc.spi.SqlExceptionHelper   : Referential integrity constraint violation: "FK6BVMMKRYYDBOOG7D2BHQQEJHS: PUBLIC.ORDERSDETAIL FOREIGN KEY(ORDERID) REFERENCES PUBLIC.ORDERS(ORDERID) ('8349e94b-7178-4467-90d0-fb241a197419')"; SQL statement:
insert into ordersdetail (amount, orderid, productid, purchaseditems, detailid) values (?, ?, ?, ?, ?) [23506-214]
2023-11-05T18:34:52.964-06:00  INFO 22600 --- [main] o.h.e.j.b.internal.AbstractBatchImpl     : HHH000010: On release of batch it still contained JDBC statements
2023-11-05T18:36:06.358-06:00  INFO 22600 --- [SpringApplicationShutdownHook] j.LocalContainerEntityManagerFactoryBean : Closing JPA EntityManagerFactory for persistence unit 'default'
2023-11-05T18:36:12.909-06:00  INFO 34400 --- [main] c.liverpool.orders.OrdersControllerTest  : Starting OrdersControllerTest using Java 17.0.8 with PID 34400 (started by eddir in C:\Users\eddir\Documents\liverpoolMicroservices\sales-orders\orders-api)
2023-11-05T18:36:12.913-06:00  INFO 34400 --- [main] c.liverpool.orders.OrdersControllerTest  : No active profile set, falling back to 1 default profile: "default"
2023-11-05T18:36:13.561-06:00  INFO 34400 --- [main] .s.d.r.c.RepositoryConfigurationDelegate : Bootstrapping Spring Data JPA repositories in DEFAULT mode.
2023-11-05T18:36:13.773-06:00  INFO 34400 --- [main] .s.d.r.c.RepositoryConfigurationDelegate : Finished Spring Data repository scanning in 198 ms. Found 2 JPA repository interfaces.
2023-11-05T18:36:13.837-06:00  INFO 34400 --- [main] beddedDataSourceBeanFactoryPostProcessor : Replacing 'dataSource' DataSource bean with embedded version
2023-11-05T18:36:14.159-06:00  INFO 34400 --- [main] o.s.j.d.e.EmbeddedDatabaseFactory        : Starting embedded database: url='jdbc:h2:mem:4b8e7c70-1a6a-4000-9211-e1e7cffd445e;DB_CLOSE_DELAY=-1;DB_CLOSE_ON_EXIT=false', username='sa'
2023-11-05T18:36:14.489-06:00  INFO 34400 --- [main] o.hibernate.jpa.internal.util.LogHelper  : HHH000204: Processing PersistenceUnitInfo [name: default]
2023-11-05T18:36:14.557-06:00  INFO 34400 --- [main] org.hibernate.Version                    : HHH000412: Hibernate ORM core version 6.1.7.Final
2023-11-05T18:36:15.001-06:00  INFO 34400 --- [main] SQL dialect                              : HHH000400: Using dialect: org.hibernate.dialect.H2Dialect
2023-11-05T18:36:16.026-06:00  INFO 34400 --- [main] o.h.e.t.j.p.i.JtaPlatformInitiator       : HHH000490: Using JtaPlatform implementation: [org.hibernate.engine.transaction.jta.platform.internal.NoJtaPlatform]
2023-11-05T18:36:16.037-06:00  INFO 34400 --- [main] j.LocalContainerEntityManagerFactoryBean : Initialized JPA EntityManagerFactory for persistence unit 'default'
2023-11-05T18:36:16.603-06:00  INFO 34400 --- [main] c.liverpool.orders.OrdersControllerTest  : Started OrdersControllerTest in 4.532 seconds (process running for 6.284)
2023-11-05T18:36:30.305-06:00  INFO 34400 --- [SpringApplicationShutdownHook] j.LocalContainerEntityManagerFactoryBean : Closing JPA EntityManagerFactory for persistence unit 'default'
2023-11-05T18:36:41.459-06:00  INFO 29076 --- [main] c.liverpool.orders.OrdersControllerTest  : Starting OrdersControllerTest using Java 17.0.8 with PID 29076 (started by eddir in C:\Users\eddir\Documents\liverpoolMicroservices\sales-orders\orders-api)
2023-11-05T18:36:41.467-06:00  INFO 29076 --- [main] c.liverpool.orders.OrdersControllerTest  : No active profile set, falling back to 1 default profile: "default"
2023-11-05T18:36:42.079-06:00  INFO 29076 --- [main] .s.d.r.c.RepositoryConfigurationDelegate : Bootstrapping Spring Data JPA repositories in DEFAULT mode.
2023-11-05T18:36:42.302-06:00  INFO 29076 --- [main] .s.d.r.c.RepositoryConfigurationDelegate : Finished Spring Data repository scanning in 212 ms. Found 2 JPA repository interfaces.
2023-11-05T18:36:42.369-06:00  INFO 29076 --- [main] beddedDataSourceBeanFactoryPostProcessor : Replacing 'dataSource' DataSource bean with embedded version
2023-11-05T18:36:42.640-06:00  INFO 29076 --- [main] o.s.j.d.e.EmbeddedDatabaseFactory        : Starting embedded database: url='jdbc:h2:mem:3659e6d3-6933-4a89-9f6d-2072e81a2d33;DB_CLOSE_DELAY=-1;DB_CLOSE_ON_EXIT=false', username='sa'
2023-11-05T18:36:42.972-06:00  INFO 29076 --- [main] o.hibernate.jpa.internal.util.LogHelper  : HHH000204: Processing PersistenceUnitInfo [name: default]
2023-11-05T18:36:43.046-06:00  INFO 29076 --- [main] org.hibernate.Version                    : HHH000412: Hibernate ORM core version 6.1.7.Final
2023-11-05T18:36:43.476-06:00  INFO 29076 --- [main] SQL dialect                              : HHH000400: Using dialect: org.hibernate.dialect.H2Dialect
2023-11-05T18:36:44.494-06:00  INFO 29076 --- [main] o.h.e.t.j.p.i.JtaPlatformInitiator       : HHH000490: Using JtaPlatform implementation: [org.hibernate.engine.transaction.jta.platform.internal.NoJtaPlatform]
2023-11-05T18:36:44.505-06:00  INFO 29076 --- [main] j.LocalContainerEntityManagerFactoryBean : Initialized JPA EntityManagerFactory for persistence unit 'default'
2023-11-05T18:36:45.058-06:00  INFO 29076 --- [main] c.liverpool.orders.OrdersControllerTest  : Started OrdersControllerTest in 4.444 seconds (process running for 6.175)
2023-11-05T18:37:09.071-06:00  INFO 29076 --- [SpringApplicationShutdownHook] j.LocalContainerEntityManagerFactoryBean : Closing JPA EntityManagerFactory for persistence unit 'default'
2023-11-05T18:38:35.514-06:00  INFO 27608 --- [main] c.liverpool.orders.OrdersControllerTest  : Starting OrdersControllerTest using Java 17.0.8 with PID 27608 (started by eddir in C:\Users\eddir\Documents\liverpoolMicroservices\sales-orders\orders-api)
2023-11-05T18:38:35.516-06:00  INFO 27608 --- [main] c.liverpool.orders.OrdersControllerTest  : No active profile set, falling back to 1 default profile: "default"
2023-11-05T18:38:36.072-06:00  INFO 27608 --- [main] .s.d.r.c.RepositoryConfigurationDelegate : Bootstrapping Spring Data JPA repositories in DEFAULT mode.
2023-11-05T18:38:36.249-06:00  INFO 27608 --- [main] .s.d.r.c.RepositoryConfigurationDelegate : Finished Spring Data repository scanning in 168 ms. Found 2 JPA repository interfaces.
2023-11-05T18:38:36.319-06:00  INFO 27608 --- [main] beddedDataSourceBeanFactoryPostProcessor : Replacing 'dataSource' DataSource bean with embedded version
2023-11-05T18:38:36.568-06:00  INFO 27608 --- [main] o.s.j.d.e.EmbeddedDatabaseFactory        : Starting embedded database: url='jdbc:h2:mem:0b3e9bba-5aa6-4988-980d-2a22da0defe3;DB_CLOSE_DELAY=-1;DB_CLOSE_ON_EXIT=false', username='sa'
2023-11-05T18:38:36.847-06:00  INFO 27608 --- [main] o.hibernate.jpa.internal.util.LogHelper  : HHH000204: Processing PersistenceUnitInfo [name: default]
2023-11-05T18:38:36.917-06:00  INFO 27608 --- [main] org.hibernate.Version                    : HHH000412: Hibernate ORM core version 6.1.7.Final
2023-11-05T18:38:37.307-06:00  INFO 27608 --- [main] SQL dialect                              : HHH000400: Using dialect: org.hibernate.dialect.H2Dialect
2023-11-05T18:38:38.197-06:00  INFO 27608 --- [main] o.h.e.t.j.p.i.JtaPlatformInitiator       : HHH000490: Using JtaPlatform implementation: [org.hibernate.engine.transaction.jta.platform.internal.NoJtaPlatform]
2023-11-05T18:38:38.207-06:00  INFO 27608 --- [main] j.LocalContainerEntityManagerFactoryBean : Initialized JPA EntityManagerFactory for persistence unit 'default'
2023-11-05T18:38:38.712-06:00  INFO 27608 --- [main] c.liverpool.orders.OrdersControllerTest  : Started OrdersControllerTest in 3.943 seconds (process running for 5.487)
2023-11-05T18:38:39.106-06:00  INFO 27608 --- [SpringApplicationShutdownHook] j.LocalContainerEntityManagerFactoryBean : Closing JPA EntityManagerFactory for persistence unit 'default'
2023-11-05T18:39:11.566-06:00  INFO 27692 --- [main] c.liverpool.orders.OrdersControllerTest  : Starting OrdersControllerTest using Java 17.0.8 with PID 27692 (started by eddir in C:\Users\eddir\Documents\liverpoolMicroservices\sales-orders\orders-api)
2023-11-05T18:39:11.569-06:00  INFO 27692 --- [main] c.liverpool.orders.OrdersControllerTest  : No active profile set, falling back to 1 default profile: "default"
2023-11-05T18:39:12.127-06:00  INFO 27692 --- [main] .s.d.r.c.RepositoryConfigurationDelegate : Bootstrapping Spring Data JPA repositories in DEFAULT mode.
2023-11-05T18:39:12.330-06:00  INFO 27692 --- [main] .s.d.r.c.RepositoryConfigurationDelegate : Finished Spring Data repository scanning in 193 ms. Found 2 JPA repository interfaces.
2023-11-05T18:39:12.399-06:00  INFO 27692 --- [main] beddedDataSourceBeanFactoryPostProcessor : Replacing 'dataSource' DataSource bean with embedded version
2023-11-05T18:39:12.656-06:00  INFO 27692 --- [main] o.s.j.d.e.EmbeddedDatabaseFactory        : Starting embedded database: url='jdbc:h2:mem:92334c7e-288e-46b4-86b8-324168b09c44;DB_CLOSE_DELAY=-1;DB_CLOSE_ON_EXIT=false', username='sa'
2023-11-05T18:39:12.935-06:00  INFO 27692 --- [main] o.hibernate.jpa.internal.util.LogHelper  : HHH000204: Processing PersistenceUnitInfo [name: default]
2023-11-05T18:39:12.993-06:00  INFO 27692 --- [main] org.hibernate.Version                    : HHH000412: Hibernate ORM core version 6.1.7.Final
2023-11-05T18:39:13.361-06:00  INFO 27692 --- [main] SQL dialect                              : HHH000400: Using dialect: org.hibernate.dialect.H2Dialect
2023-11-05T18:39:14.268-06:00  INFO 27692 --- [main] o.h.e.t.j.p.i.JtaPlatformInitiator       : HHH000490: Using JtaPlatform implementation: [org.hibernate.engine.transaction.jta.platform.internal.NoJtaPlatform]
2023-11-05T18:39:14.277-06:00  INFO 27692 --- [main] j.LocalContainerEntityManagerFactoryBean : Initialized JPA EntityManagerFactory for persistence unit 'default'
2023-11-05T18:39:14.793-06:00  INFO 27692 --- [main] c.liverpool.orders.OrdersControllerTest  : Started OrdersControllerTest in 3.981 seconds (process running for 5.513)
2023-11-05T18:39:15.204-06:00  INFO 27692 --- [SpringApplicationShutdownHook] j.LocalContainerEntityManagerFactoryBean : Closing JPA EntityManagerFactory for persistence unit 'default'
2023-11-05T18:44:09.002-06:00  INFO 5412 --- [main] c.liverpool.orders.OrdersControllerTest  : Starting OrdersControllerTest using Java 17.0.8 with PID 5412 (started by eddir in C:\Users\eddir\Documents\liverpoolMicroservices\sales-orders\orders-api)
2023-11-05T18:44:09.004-06:00  INFO 5412 --- [main] c.liverpool.orders.OrdersControllerTest  : No active profile set, falling back to 1 default profile: "default"
2023-11-05T18:44:09.536-06:00  INFO 5412 --- [main] .s.d.r.c.RepositoryConfigurationDelegate : Bootstrapping Spring Data JPA repositories in DEFAULT mode.
2023-11-05T18:44:09.725-06:00  INFO 5412 --- [main] .s.d.r.c.RepositoryConfigurationDelegate : Finished Spring Data repository scanning in 179 ms. Found 2 JPA repository interfaces.
2023-11-05T18:44:09.791-06:00  INFO 5412 --- [main] beddedDataSourceBeanFactoryPostProcessor : Replacing 'dataSource' DataSource bean with embedded version
2023-11-05T18:44:10.032-06:00  INFO 5412 --- [main] o.s.j.d.e.EmbeddedDatabaseFactory        : Starting embedded database: url='jdbc:h2:mem:94923a1d-8070-4bcd-93d5-1d75d0022ade;DB_CLOSE_DELAY=-1;DB_CLOSE_ON_EXIT=false', username='sa'
2023-11-05T18:44:10.333-06:00  INFO 5412 --- [main] o.hibernate.jpa.internal.util.LogHelper  : HHH000204: Processing PersistenceUnitInfo [name: default]
2023-11-05T18:44:10.404-06:00  INFO 5412 --- [main] org.hibernate.Version                    : HHH000412: Hibernate ORM core version 6.1.7.Final
2023-11-05T18:44:10.793-06:00  INFO 5412 --- [main] SQL dialect                              : HHH000400: Using dialect: org.hibernate.dialect.H2Dialect
2023-11-05T18:44:11.690-06:00  INFO 5412 --- [main] o.h.e.t.j.p.i.JtaPlatformInitiator       : HHH000490: Using JtaPlatform implementation: [org.hibernate.engine.transaction.jta.platform.internal.NoJtaPlatform]
2023-11-05T18:44:11.700-06:00  INFO 5412 --- [main] j.LocalContainerEntityManagerFactoryBean : Initialized JPA EntityManagerFactory for persistence unit 'default'
2023-11-05T18:44:12.227-06:00  INFO 5412 --- [main] c.liverpool.orders.OrdersControllerTest  : Started OrdersControllerTest in 3.955 seconds (process running for 5.506)
2023-11-05T18:44:12.713-06:00  INFO 5412 --- [SpringApplicationShutdownHook] j.LocalContainerEntityManagerFactoryBean : Closing JPA EntityManagerFactory for persistence unit 'default'
2023-11-05T18:47:48.385-06:00  INFO 29100 --- [main] c.liverpool.orders.OrdersControllerTest  : Starting OrdersControllerTest using Java 17.0.8 with PID 29100 (started by eddir in C:\Users\eddir\Documents\liverpoolMicroservices\sales-orders\orders-api)
2023-11-05T18:47:48.388-06:00  INFO 29100 --- [main] c.liverpool.orders.OrdersControllerTest  : No active profile set, falling back to 1 default profile: "default"
2023-11-05T18:47:48.977-06:00  INFO 29100 --- [main] .s.d.r.c.RepositoryConfigurationDelegate : Bootstrapping Spring Data JPA repositories in DEFAULT mode.
2023-11-05T18:47:49.166-06:00  INFO 29100 --- [main] .s.d.r.c.RepositoryConfigurationDelegate : Finished Spring Data repository scanning in 178 ms. Found 2 JPA repository interfaces.
2023-11-05T18:47:49.228-06:00  INFO 29100 --- [main] beddedDataSourceBeanFactoryPostProcessor : Replacing 'dataSource' DataSource bean with embedded version
2023-11-05T18:47:49.474-06:00  INFO 29100 --- [main] o.s.j.d.e.EmbeddedDatabaseFactory        : Starting embedded database: url='jdbc:h2:mem:56771154-2cc5-456d-a487-e8dabc8ac413;DB_CLOSE_DELAY=-1;DB_CLOSE_ON_EXIT=false', username='sa'
2023-11-05T18:47:49.769-06:00  INFO 29100 --- [main] o.hibernate.jpa.internal.util.LogHelper  : HHH000204: Processing PersistenceUnitInfo [name: default]
2023-11-05T18:47:49.838-06:00  INFO 29100 --- [main] org.hibernate.Version                    : HHH000412: Hibernate ORM core version 6.1.7.Final
2023-11-05T18:47:50.227-06:00  INFO 29100 --- [main] SQL dialect                              : HHH000400: Using dialect: org.hibernate.dialect.H2Dialect
2023-11-05T18:47:51.133-06:00  INFO 29100 --- [main] o.h.e.t.j.p.i.JtaPlatformInitiator       : HHH000490: Using JtaPlatform implementation: [org.hibernate.engine.transaction.jta.platform.internal.NoJtaPlatform]
2023-11-05T18:47:51.142-06:00  INFO 29100 --- [main] j.LocalContainerEntityManagerFactoryBean : Initialized JPA EntityManagerFactory for persistence unit 'default'
2023-11-05T18:47:51.636-06:00  INFO 29100 --- [main] c.liverpool.orders.OrdersControllerTest  : Started OrdersControllerTest in 3.963 seconds (process running for 5.49)
2023-11-05T18:47:51.998-06:00  WARN 29100 --- [main] o.h.engine.jdbc.spi.SqlExceptionHelper   : SQL Error: 23506, SQLState: 23506
2023-11-05T18:47:51.999-06:00 ERROR 29100 --- [main] o.h.engine.jdbc.spi.SqlExceptionHelper   : Referential integrity constraint violation: "FK6BVMMKRYYDBOOG7D2BHQQEJHS: PUBLIC.ORDERSDETAIL FOREIGN KEY(ORDERID) REFERENCES PUBLIC.ORDERS(ORDERID) ('711cff2e-5ddc-4498-a244-3b79c35ff624')"; SQL statement:
insert into ordersdetail (amount, orderid, productid, purchaseditems, detailid) values (?, ?, ?, ?, ?) [23506-214]
2023-11-05T18:47:51.999-06:00  INFO 29100 --- [main] o.h.e.j.b.internal.AbstractBatchImpl     : HHH000010: On release of batch it still contained JDBC statements
2023-11-05T18:47:52.029-06:00  INFO 29100 --- [SpringApplicationShutdownHook] j.LocalContainerEntityManagerFactoryBean : Closing JPA EntityManagerFactory for persistence unit 'default'
