2023-11-04T22:32:40.152-06:00  INFO 28292 --- [main] c.l.d.DiscoveryServerApplicationTests    : Starting DiscoveryServerApplicationTests using Java 17.0.8 with PID 28292 (started by eddir in C:\Users\eddir\Documents\liverpoolMicroservices\sales-orders\discovery-server)
2023-11-04T22:32:40.156-06:00  INFO 28292 --- [main] c.l.d.DiscoveryServerApplicationTests    : No active profile set, falling back to 1 default profile: "default"
2023-11-04T22:32:42.102-06:00  INFO 28292 --- [main] o.s.cloud.context.scope.GenericScope     : BeanFactory id=874e44ca-675b-3ee4-9afe-6e9edaacb742
2023-11-04T22:32:44.651-06:00  WARN 28292 --- [main] iguration$LoadBalancerCaffeineWarnLogger : Spring Cloud LoadBalancer is currently working with the default cache. While this cache implementation is useful for development and tests, it's recommended to use Caffeine cache in production.You can switch to using Caffeine cache, by adding it and org.springframework.cache.caffeine.CaffeineCacheManager to the classpath.
2023-11-04T22:32:45.054-06:00  INFO 28292 --- [main] o.s.c.n.eureka.InstanceInfoFactory       : Setting initial instance status as: STARTING
2023-11-04T22:32:45.108-06:00  INFO 28292 --- [main] com.netflix.discovery.DiscoveryClient    : Initializing Eureka in region us-east-1
2023-11-04T22:32:45.110-06:00  INFO 28292 --- [main] com.netflix.discovery.DiscoveryClient    : Client configured to neither register nor query for data.
2023-11-04T22:32:45.129-06:00  INFO 28292 --- [main] com.netflix.discovery.DiscoveryClient    : Discovery Client initialized at timestamp 1699158765126 with initial instances count: 0
2023-11-04T22:32:45.237-06:00  INFO 28292 --- [main] c.n.eureka.DefaultEurekaServerContext    : Initializing ...
2023-11-04T22:32:45.239-06:00  INFO 28292 --- [main] c.n.eureka.cluster.PeerEurekaNodes       : Adding new peer nodes [http://localhost:8761/eureka/]
2023-11-04T22:32:45.671-06:00  INFO 28292 --- [main] c.n.d.provider.DiscoveryJerseyProvider   : Using JSON encoding codec LegacyJacksonJson
2023-11-04T22:32:45.672-06:00  INFO 28292 --- [main] c.n.d.provider.DiscoveryJerseyProvider   : Using JSON decoding codec LegacyJacksonJson
2023-11-04T22:32:45.672-06:00  INFO 28292 --- [main] c.n.d.provider.DiscoveryJerseyProvider   : Using XML encoding codec XStreamXml
2023-11-04T22:32:45.672-06:00  INFO 28292 --- [main] c.n.d.provider.DiscoveryJerseyProvider   : Using XML decoding codec XStreamXml
2023-11-04T22:32:45.887-06:00  INFO 28292 --- [main] c.n.eureka.cluster.PeerEurekaNodes       : Replica node URL:  http://localhost:8761/eureka/
2023-11-04T22:32:45.905-06:00  INFO 28292 --- [main] c.n.e.registry.AbstractInstanceRegistry  : Finished initializing remote region registries. All known remote regions: []
2023-11-04T22:32:45.906-06:00  INFO 28292 --- [main] c.n.eureka.DefaultEurekaServerContext    : Initialized
2023-11-04T22:32:46.132-06:00  INFO 28292 --- [main] o.s.b.a.e.web.EndpointLinksResolver      : Exposing 1 endpoint(s) beneath base path '/actuator'
2023-11-04T22:32:46.190-06:00  INFO 28292 --- [main] o.s.c.n.e.s.EurekaServiceRegistry        : Registering application DISCOVERY-SERVER with eureka with status UP
2023-11-04T22:32:46.216-06:00  INFO 28292 --- [Thread-10] o.s.c.n.e.server.EurekaServerBootstrap   : isAws returned false
2023-11-04T22:32:46.217-06:00  INFO 28292 --- [Thread-10] o.s.c.n.e.server.EurekaServerBootstrap   : Initialized server context
2023-11-04T22:32:46.217-06:00  INFO 28292 --- [Thread-10] c.n.e.r.PeerAwareInstanceRegistryImpl    : Got 1 instances from neighboring DS node
2023-11-04T22:32:46.217-06:00  INFO 28292 --- [Thread-10] c.n.e.r.PeerAwareInstanceRegistryImpl    : Renew threshold is: 1
2023-11-04T22:32:46.218-06:00  INFO 28292 --- [Thread-10] c.n.e.r.PeerAwareInstanceRegistryImpl    : Changing status to UP
2023-11-04T22:32:46.225-06:00  INFO 28292 --- [main] c.l.d.DiscoveryServerApplicationTests    : Started DiscoveryServerApplicationTests in 7.025 seconds (process running for 9.058)
2023-11-04T22:32:46.230-06:00  INFO 28292 --- [Thread-10] e.s.EurekaServerInitializerConfiguration : Started Eureka Server
2023-11-04T22:32:47.104-06:00  INFO 28292 --- [SpringApplicationShutdownHook] o.s.c.n.e.s.EurekaServiceRegistry        : Unregistering application DISCOVERY-SERVER with eureka with status DOWN
2023-11-04T22:32:47.107-06:00  INFO 28292 --- [SpringApplicationShutdownHook] o.s.c.n.e.server.EurekaServerBootstrap   : Shutting down Eureka Server..
2023-11-04T22:32:47.115-06:00  INFO 28292 --- [SpringApplicationShutdownHook] c.n.eureka.DefaultEurekaServerContext    : Shutting down ...
2023-11-04T22:32:47.139-06:00  INFO 28292 --- [SpringApplicationShutdownHook] c.n.eureka.DefaultEurekaServerContext    : Shut down
2023-11-04T22:32:47.141-06:00  INFO 28292 --- [SpringApplicationShutdownHook] o.s.c.n.e.server.EurekaServerBootstrap   : Eureka Service is now shutdown...
2023-11-04T22:32:47.142-06:00  INFO 28292 --- [SpringApplicationShutdownHook] c.n.eureka.DefaultEurekaServerContext    : Shutting down ...
2023-11-04T22:32:47.129-06:00 ERROR 28292 --- [Eureka-Jersey3Client-Conn-Cleaner2] c.n.d.s.t.j.EurekaJersey3ClientImpl      : Cannot clean connections

java.lang.IllegalStateException: Client instance has been closed.
	at org.glassfish.jersey.internal.guava.Preconditions.checkState(Preconditions.java:169) ~[jersey-common-3.1.3.jar:na]
	at org.glassfish.jersey.client.JerseyClient.checkNotClosed(JerseyClient.java:257) ~[jersey-client-3.1.3.jar:na]
	at org.glassfish.jersey.client.JerseyClient.getConfiguration(JerseyClient.java:372) ~[jersey-client-3.1.3.jar:na]
	at org.glassfish.jersey.client.JerseyClient.getConfiguration(JerseyClient.java:56) ~[jersey-client-3.1.3.jar:na]
	at com.netflix.discovery.shared.transport.jersey3.EurekaJersey3ClientImpl$ConnectionCleanerTask.run(EurekaJersey3ClientImpl.java:347) ~[eureka-client-jersey3-2.0.1.jar:2.0.1]
	at java.base/java.util.concurrent.Executors$RunnableAdapter.call(Executors.java:539) ~[na:na]
	at java.base/java.util.concurrent.FutureTask.run(FutureTask.java:264) ~[na:na]
	at java.base/java.util.concurrent.ScheduledThreadPoolExecutor$ScheduledFutureTask.run(ScheduledThreadPoolExecutor.java:304) ~[na:na]
	at java.base/java.util.concurrent.ThreadPoolExecutor.runWorker(ThreadPoolExecutor.java:1136) ~[na:na]
	at java.base/java.util.concurrent.ThreadPoolExecutor$Worker.run(ThreadPoolExecutor.java:635) ~[na:na]
	at java.base/java.lang.Thread.run(Thread.java:833) ~[na:na]

2023-11-04T22:32:47.154-06:00  INFO 28292 --- [SpringApplicationShutdownHook] c.n.eureka.DefaultEurekaServerContext    : Shut down
2023-11-04T22:32:47.163-06:00  INFO 28292 --- [SpringApplicationShutdownHook] com.netflix.discovery.DiscoveryClient    : Shutting down DiscoveryClient ...
2023-11-04T22:32:47.165-06:00  INFO 28292 --- [SpringApplicationShutdownHook] com.netflix.discovery.DiscoveryClient    : Completed shut down of DiscoveryClient
